[ 17482.634] 
X.Org X Server 1.21.1.13
X Protocol Version 11, Revision 0
[ 17482.638] Current Operating System: Linux myprecious 6.8.7-arch1-1 #1 SMP PREEMPT_DYNAMIC Wed, 17 Apr 2024 15:20:28 +0000 x86_64
[ 17482.638] Kernel command line: BOOT_IMAGE=/vmlinuz-linux root=UUID=6e954acf-4823-4c67-93d3-ae42a46fbbfe rw zswap.enabled=0 rootfstype=ext4 loglevel=3 quiet
[ 17482.639]  
[ 17482.640] Current version of pixman: 0.43.4
[ 17482.641] 	Before reporting problems, check http://wiki.x.org
	to make sure that you have the latest version.
[ 17482.641] Markers: (--) probed, (**) from config file, (==) default setting,
	(++) from command line, (!!) notice, (II) informational,
	(WW) warning, (EE) error, (NI) not implemented, (??) unknown.
[ 17482.644] (==) Log file: "/home/atharv/.local/share/xorg/Xorg.0.log", Time: Sat Apr 20 14:50:41 2024
[ 17482.645] (==) Using config directory: "/etc/X11/xorg.conf.d"
[ 17482.646] (==) Using system config directory "/usr/share/X11/xorg.conf.d"
[ 17482.646] (==) No Layout section.  Using the first Screen section.
[ 17482.646] (==) No screen section available. Using defaults.
[ 17482.646] (**) |-->Screen "Default Screen Section" (0)
[ 17482.646] (**) |   |-->Monitor "<default monitor>"
[ 17482.646] (==) No monitor specified for screen "Default Screen Section".
	Using a default monitor configuration.
[ 17482.646] (**) Allowing byte-swapped clients
[ 17482.646] (==) Automatically adding devices
[ 17482.646] (==) Automatically enabling devices
[ 17482.646] (==) Automatically adding GPU devices
[ 17482.646] (==) Automatically binding GPU devices
[ 17482.646] (==) Max clients allowed: 256, resource mask: 0x1fffff
[ 17482.646] (WW) The directory "/usr/share/fonts/misc" does not exist.
[ 17482.646] 	Entry deleted from font path.
[ 17482.646] (WW) `fonts.dir' not found (or not valid) in "/usr/share/fonts/TTF".
[ 17482.646] 	Entry deleted from font path.
[ 17482.646] 	(Run 'mkfontdir' on "/usr/share/fonts/TTF").
[ 17482.646] (WW) The directory "/usr/share/fonts/OTF" does not exist.
[ 17482.646] 	Entry deleted from font path.
[ 17482.646] (WW) The directory "/usr/share/fonts/Type1" does not exist.
[ 17482.646] 	Entry deleted from font path.
[ 17482.646] (WW) The directory "/usr/share/fonts/100dpi" does not exist.
[ 17482.646] 	Entry deleted from font path.
[ 17482.646] (WW) The directory "/usr/share/fonts/75dpi" does not exist.
[ 17482.646] 	Entry deleted from font path.
[ 17482.646] (==) FontPath set to:
	
[ 17482.646] (==) ModulePath set to "/usr/lib/xorg/modules"
[ 17482.646] (II) The server relies on udev to provide the list of input devices.
	If no devices become available, reconfigure udev or disable AutoAddDevices.
[ 17482.646] (II) Module ABI versions:
[ 17482.646] 	X.Org ANSI C Emulation: 0.4
[ 17482.646] 	X.Org Video Driver: 25.2
[ 17482.646] 	X.Org XInput driver : 24.4
[ 17482.646] 	X.Org Server Extension : 10.0
[ 17482.646] (++) using VT number 1

[ 17482.647] (II) systemd-logind: took control of session /org/freedesktop/login1/session/_31
[ 17482.648] (II) xfree86: Adding drm device (/dev/dri/card2)
[ 17482.648] (II) Platform probe for /sys/devices/pci0000:00/0000:00:02.0/drm/card2
[ 17482.648] (II) systemd-logind: got fd for /dev/dri/card2 226:2 fd 13 paused 0
[ 17482.649] (II) xfree86: Adding drm device (/dev/dri/card1)
[ 17482.649] (II) Platform probe for /sys/devices/pci0000:00/0000:00:1c.0/0000:01:00.0/drm/card1
[ 17482.649] (EE) systemd-logind: failed to take device /dev/dri/card1: Invalid argument
[ 17482.968] (--) PCI:*(0@0:2:0) 8086:8a52:17aa:380d rev 7, Mem @ 0x6000000000/16777216, 0x4000000000/268435456, I/O @ 0x00003000/64, BIOS @ 0x????????/131072
[ 17482.968] (--) PCI: (1@0:0:0) 10de:1d16:17aa:3801 rev 161, Mem @ 0x62000000/16777216, 0x50000000/268435456, 0x60000000/33554432, I/O @ 0x00002000/128
[ 17482.968] (WW) Open ACPI failed (/var/run/acpid.socket) (No such file or directory)
[ 17482.968] (II) LoadModule: "glx"
[ 17482.969] (II) Loading /usr/lib/xorg/modules/extensions/libglx.so
[ 17482.970] (II) Module glx: vendor="X.Org Foundation"
[ 17482.971] 	compiled for 1.21.1.13, module version = 1.0.0
[ 17482.971] 	ABI class: X.Org Server Extension, version 10.0
[ 17482.971] (==) Matched intel as autoconfigured driver 0
[ 17482.971] (==) Matched modesetting as autoconfigured driver 1
[ 17482.971] (==) Matched fbdev as autoconfigured driver 2
[ 17482.971] (==) Matched vesa as autoconfigured driver 3
[ 17482.971] (==) Assigned the driver to the xf86ConfigLayout
[ 17482.971] (II) LoadModule: "intel"
[ 17482.971] (WW) Warning, couldn't open module intel
[ 17482.971] (EE) Failed to load module "intel" (module does not exist, 0)
[ 17482.971] (II) LoadModule: "modesetting"
[ 17482.971] (II) Loading /usr/lib/xorg/modules/drivers/modesetting_drv.so
[ 17482.972] (II) Module modesetting: vendor="X.Org Foundation"
[ 17482.972] 	compiled for 1.21.1.13, module version = 1.21.1
[ 17482.972] 	Module class: X.Org Video Driver
[ 17482.972] 	ABI class: X.Org Video Driver, version 25.2
[ 17482.972] (II) LoadModule: "fbdev"
[ 17482.972] (WW) Warning, couldn't open module fbdev
[ 17482.972] (EE) Failed to load module "fbdev" (module does not exist, 0)
[ 17482.972] (II) LoadModule: "vesa"
[ 17482.972] (WW) Warning, couldn't open module vesa
[ 17482.972] (EE) Failed to load module "vesa" (module does not exist, 0)
[ 17482.972] (II) modesetting: Driver for Modesetting Kernel Drivers: kms
[ 17482.972] (II) modeset(0): using drv /dev/dri/card2
[ 17482.972] (WW) VGA arbiter: cannot open kernel arbiter, no multi-card support
[ 17482.972] (II) modeset(0): Creating default Display subsection in Screen section
	"Default Screen Section" for depth/fbbpp 24/32
[ 17482.972] (==) modeset(0): Depth 24, (==) framebuffer bpp 32
[ 17482.972] (==) modeset(0): RGB weight 888
[ 17482.972] (==) modeset(0): Default visual is TrueColor
[ 17482.972] (II) Loading sub module "glamoregl"
[ 17482.972] (II) LoadModule: "glamoregl"
[ 17482.972] (II) Loading /usr/lib/xorg/modules/libglamoregl.so
[ 17482.973] (II) Module glamoregl: vendor="X.Org Foundation"
[ 17482.973] 	compiled for 1.21.1.13, module version = 1.0.1
[ 17482.973] 	ABI class: X.Org ANSI C Emulation, version 0.4
[ 17482.994] (II) modeset(0): glamor X acceleration enabled on Mesa Intel(R) Iris(R) Plus Graphics (ICL GT2)
[ 17482.994] (II) modeset(0): glamor initialized
[ 17482.994] (==) modeset(0): VariableRefresh: disabled
[ 17482.994] (==) modeset(0): AsyncFlipSecondaries: disabled
[ 17482.996] (II) modeset(0): Output eDP-1 has no monitor section
[ 17482.996] (II) modeset(0): Output HDMI-1 has no monitor section
[ 17482.996] (II) modeset(0): Output DP-1 has no monitor section
[ 17482.996] (II) modeset(0): Output DP-2 has no monitor section
[ 17482.996] (II) modeset(0): Output DP-3 has no monitor section
[ 17482.998] (II) modeset(0): EDID for output eDP-1
[ 17482.998] (II) modeset(0): Manufacturer: CMN  Model: 1406  Serial#: 0
[ 17482.998] (II) modeset(0): Year: 2019  Week: 37
[ 17482.998] (II) modeset(0): EDID Version: 1.4
[ 17482.998] (II) modeset(0): Digital Display Input
[ 17482.998] (II) modeset(0): 8 bits per channel
[ 17482.998] (II) modeset(0): Digital interface is DisplayPort
[ 17482.998] (II) modeset(0): Max Image Size [cm]: horiz.: 31  vert.: 17
[ 17482.998] (II) modeset(0): Gamma: 2.20
[ 17482.998] (II) modeset(0): No DPMS capabilities specified
[ 17482.998] (II) modeset(0): Supported color encodings: RGB 4:4:4 
[ 17482.998] (II) modeset(0): First detailed timing is preferred mode
[ 17482.998] (II) modeset(0): Preferred mode is native pixel format and refresh rate
[ 17482.998] (II) modeset(0): redX: 0.590 redY: 0.350   greenX: 0.330 greenY: 0.555
[ 17482.998] (II) modeset(0): blueX: 0.153 blueY: 0.119   whiteX: 0.313 whiteY: 0.329
[ 17482.998] (II) modeset(0): Manufacturer's mask: 0
[ 17482.998] (II) modeset(0): Supported detailed timing:
[ 17482.998] (II) modeset(0): clock: 138.8 MHz   Image Size:  309 x 173 mm
[ 17482.998] (II) modeset(0): h_active: 1920  h_sync: 1968  h_sync_end 2000 h_blank_end 2080 h_border: 0
[ 17482.998] (II) modeset(0): v_active: 1080  v_sync: 1083  v_sync_end 1088 v_blanking: 1112 v_border: 0
[ 17482.998] (II) modeset(0):  N140HCA-E5B
[ 17482.998] (II) modeset(0):  CMN
[ 17482.998] (II) modeset(0):  N140HCA-E5B
[ 17482.998] (II) modeset(0): EDID (in hex):
[ 17482.998] (II) modeset(0): 	00ffffffffffff000dae061400000000
[ 17482.998] (II) modeset(0): 	251d0104a51f11780228659759548e27
[ 17482.998] (II) modeset(0): 	1e505400000001010101010101010101
[ 17482.998] (II) modeset(0): 	010101010101363680a0703820403020
[ 17482.998] (II) modeset(0): 	350035ad10000018000000fe004e3134
[ 17482.998] (II) modeset(0): 	304843412d4535420a20000000fe0043
[ 17482.998] (II) modeset(0): 	4d4e0a202020202020202020000000fe
[ 17482.998] (II) modeset(0): 	004e3134304843412d4535420a20009a
[ 17482.998] (II) modeset(0): Printing probed modes for output eDP-1
[ 17482.998] (II) modeset(0): Modeline "1920x1080"x60.0  138.78  1920 1968 2000 2080  1080 1083 1088 1112 -hsync -vsync (66.7 kHz eP)
[ 17482.998] (II) modeset(0): Modeline "1920x1080"x119.9  266.50  1920 1944 1960 2000  1080 1081 1084 1111 doublescan +hsync -vsync (133.2 kHz d)
[ 17482.998] (II) modeset(0): Modeline "1920x1080"x60.0  173.00  1920 2048 2248 2576  1080 1083 1088 1120 -hsync +vsync (67.2 kHz d)
[ 17482.998] (II) modeset(0): Modeline "1920x1080"x59.9  138.50  1920 1968 2000 2080  1080 1083 1088 1111 +hsync -vsync (66.6 kHz d)
[ 17482.998] (II) modeset(0): Modeline "1680x1050"x60.0  146.25  1680 1784 1960 2240  1050 1053 1059 1089 -hsync +vsync (65.3 kHz d)
[ 17482.998] (II) modeset(0): Modeline "1680x1050"x59.9  119.00  1680 1728 1760 1840  1050 1053 1059 1080 +hsync -vsync (64.7 kHz d)
[ 17482.998] (II) modeset(0): Modeline "1400x1050"x60.0  122.00  1400 1488 1640 1880  1050 1052 1064 1082 +hsync +vsync (64.9 kHz d)
[ 17482.998] (II) modeset(0): Modeline "1600x900"x120.0  246.00  1600 1728 1900 2200  900 901 904 932 doublescan -hsync +vsync (111.8 kHz d)
[ 17482.998] (II) modeset(0): Modeline "1600x900"x119.9  186.50  1600 1624 1640 1680  900 901 904 926 doublescan +hsync -vsync (111.0 kHz d)
[ 17482.998] (II) modeset(0): Modeline "1600x900"x59.9  118.25  1600 1696 1856 2112  900 903 908 934 -hsync +vsync (56.0 kHz d)
[ 17482.998] (II) modeset(0): Modeline "1600x900"x59.8   97.50  1600 1648 1680 1760  900 903 908 926 +hsync -vsync (55.4 kHz d)
[ 17482.998] (II) modeset(0): Modeline "1280x1024"x60.0  108.00  1280 1328 1440 1688  1024 1025 1028 1066 +hsync +vsync (64.0 kHz d)
[ 17482.998] (II) modeset(0): Modeline "1400x900"x60.0  103.50  1400 1480 1624 1848  900 903 913 934 -hsync +vsync (56.0 kHz d)
[ 17482.998] (II) modeset(0): Modeline "1400x900"x59.9   86.50  1400 1448 1480 1560  900 903 913 926 +hsync -vsync (55.4 kHz d)
[ 17482.998] (II) modeset(0): Modeline "1280x960"x60.0  108.00  1280 1376 1488 1800  960 961 964 1000 +hsync +vsync (60.0 kHz d)
[ 17482.998] (II) modeset(0): Modeline "1440x810"x120.0  198.12  1440 1548 1704 1968  810 811 814 839 doublescan -hsync +vsync (100.7 kHz d)
[ 17482.998] (II) modeset(0): Modeline "1440x810"x119.9  151.88  1440 1464 1480 1520  810 811 814 833 doublescan +hsync -vsync (99.9 kHz d)
[ 17482.998] (II) modeset(0): Modeline "1368x768"x59.9   85.25  1368 1440 1576 1784  768 771 781 798 -hsync +vsync (47.8 kHz d)
[ 17482.998] (II) modeset(0): Modeline "1368x768"x59.9   72.25  1368 1416 1448 1528  768 771 781 790 +hsync -vsync (47.3 kHz d)
[ 17482.998] (II) modeset(0): Modeline "1280x800"x120.0  174.25  1280 1380 1516 1752  800 801 804 829 doublescan -hsync +vsync (99.5 kHz d)
[ 17482.998] (II) modeset(0): Modeline "1280x800"x119.9  134.25  1280 1304 1320 1360  800 801 804 823 doublescan +hsync -vsync (98.7 kHz d)
[ 17482.998] (II) modeset(0): Modeline "1280x800"x59.8   83.50  1280 1352 1480 1680  800 803 809 831 -hsync +vsync (49.7 kHz d)
[ 17482.998] (II) modeset(0): Modeline "1280x800"x59.9   71.00  1280 1328 1360 1440  800 803 809 823 +hsync -vsync (49.3 kHz d)
[ 17482.998] (II) modeset(0): Modeline "1280x720"x120.0  156.12  1280 1376 1512 1744  720 721 724 746 doublescan -hsync +vsync (89.5 kHz d)
[ 17482.998] (II) modeset(0): Modeline "1280x720"x120.0  120.75  1280 1304 1320 1360  720 721 724 740 doublescan +hsync -vsync (88.8 kHz d)
[ 17482.998] (II) modeset(0): Modeline "1280x720"x59.9   74.50  1280 1344 1472 1664  720 723 728 748 -hsync +vsync (44.8 kHz d)
[ 17482.998] (II) modeset(0): Modeline "1280x720"x59.7   63.75  1280 1328 1360 1440  720 723 728 741 +hsync -vsync (44.3 kHz d)
[ 17482.998] (II) modeset(0): Modeline "1024x768"x120.1  133.47  1024 1100 1212 1400  768 768 770 794 doublescan -hsync +vsync (95.3 kHz d)
[ 17482.998] (II) modeset(0): Modeline "1024x768"x60.0   65.00  1024 1048 1184 1344  768 771 777 806 -hsync -vsync (48.4 kHz d)
[ 17482.998] (II) modeset(0): Modeline "960x720"x120.0  117.00  960 1024 1128 1300  720 720 722 750 doublescan -hsync +vsync (90.0 kHz d)
[ 17482.998] (II) modeset(0): Modeline "928x696"x120.1  109.15  928 976 1088 1264  696 696 698 719 doublescan -hsync +vsync (86.4 kHz d)
[ 17482.998] (II) modeset(0): Modeline "896x672"x120.0  102.40  896 960 1060 1224  672 672 674 697 doublescan -hsync +vsync (83.7 kHz d)
[ 17482.998] (II) modeset(0): Modeline "1024x576"x119.9   98.50  1024 1092 1200 1376  576 577 580 597 doublescan -hsync +vsync (71.6 kHz d)
[ 17482.998] (II) modeset(0): Modeline "1024x576"x119.9   78.38  1024 1048 1064 1104  576 577 580 592 doublescan +hsync -vsync (71.0 kHz d)
[ 17482.998] (II) modeset(0): Modeline "1024x576"x59.9   46.50  1024 1064 1160 1296  576 579 584 599 -hsync +vsync (35.9 kHz d)
[ 17482.998] (II) modeset(0): Modeline "1024x576"x59.8   42.00  1024 1072 1104 1184  576 579 584 593 +hsync -vsync (35.5 kHz d)
[ 17482.998] (II) modeset(0): Modeline "960x600"x119.9   96.62  960 1028 1128 1296  600 601 604 622 doublescan -hsync +vsync (74.6 kHz d)
[ 17482.998] (II) modeset(0): Modeline "960x600"x120.0   77.00  960 984 1000 1040  600 601 604 617 doublescan +hsync -vsync (74.0 kHz d)
[ 17482.998] (II) modeset(0): Modeline "960x540"x119.9   86.50  960 1024 1124 1288  540 541 544 560 doublescan -hsync +vsync (67.2 kHz d)
[ 17482.998] (II) modeset(0): Modeline "960x540"x120.0   69.25  960 984 1000 1040  540 541 544 555 doublescan +hsync -vsync (66.6 kHz d)
[ 17482.998] (II) modeset(0): Modeline "960x540"x59.6   40.75  960 992 1088 1216  540 543 548 562 -hsync +vsync (33.5 kHz d)
[ 17482.998] (II) modeset(0): Modeline "960x540"x59.8   37.25  960 1008 1040 1120  540 543 548 556 +hsync -vsync (33.3 kHz d)
[ 17482.998] (II) modeset(0): Modeline "800x600"x120.0   81.00  800 832 928 1080  600 600 602 625 doublescan +hsync +vsync (75.0 kHz d)
[ 17482.998] (II) modeset(0): Modeline "800x600"x60.3   40.00  800 840 968 1056  600 601 605 628 +hsync +vsync (37.9 kHz d)
[ 17482.998] (II) modeset(0): Modeline "800x600"x56.2   36.00  800 824 896 1024  600 601 603 625 +hsync +vsync (35.2 kHz d)
[ 17482.998] (II) modeset(0): Modeline "840x525"x120.0   73.12  840 892 980 1120  525 526 529 544 doublescan -hsync +vsync (65.3 kHz d)
[ 17482.998] (II) modeset(0): Modeline "840x525"x119.8   59.50  840 864 880 920  525 526 529 540 doublescan +hsync -vsync (64.7 kHz d)
[ 17482.998] (II) modeset(0): Modeline "864x486"x59.9   32.50  864 888 968 1072  486 489 494 506 -hsync +vsync (30.3 kHz d)
[ 17482.998] (II) modeset(0): Modeline "864x486"x59.6   30.50  864 912 944 1024  486 489 494 500 +hsync -vsync (29.8 kHz d)
[ 17482.998] (II) modeset(0): Modeline "700x525"x120.0   61.00  700 744 820 940  525 526 532 541 doublescan +hsync +vsync (64.9 kHz d)
[ 17482.998] (II) modeset(0): Modeline "800x450"x119.9   59.12  800 848 928 1056  450 451 454 467 doublescan -hsync +vsync (56.0 kHz d)
[ 17482.998] (II) modeset(0): Modeline "800x450"x119.6   48.75  800 824 840 880  450 451 454 463 doublescan +hsync -vsync (55.4 kHz d)
[ 17482.998] (II) modeset(0): Modeline "640x512"x120.0   54.00  640 664 720 844  512 512 514 533 doublescan +hsync +vsync (64.0 kHz d)
[ 17482.998] (II) modeset(0): Modeline "700x450"x119.9   51.75  700 740 812 924  450 451 456 467 doublescan -hsync +vsync (56.0 kHz d)
[ 17482.998] (II) modeset(0): Modeline "700x450"x119.8   43.25  700 724 740 780  450 451 456 463 doublescan +hsync -vsync (55.4 kHz d)
[ 17482.998] (II) modeset(0): Modeline "640x480"x120.0   54.00  640 688 744 900  480 480 482 500 doublescan +hsync +vsync (60.0 kHz d)
[ 17482.998] (II) modeset(0): Modeline "640x480"x59.9   25.18  640 656 752 800  480 490 492 525 -hsync -vsync (31.5 kHz d)
[ 17482.998] (II) modeset(0): Modeline "720x405"x59.5   22.50  720 744 808 896  405 408 413 422 -hsync +vsync (25.1 kHz d)
[ 17482.998] (II) modeset(0): Modeline "720x405"x59.0   21.75  720 768 800 880  405 408 413 419 +hsync -vsync (24.7 kHz d)
[ 17482.998] (II) modeset(0): Modeline "684x384"x119.8   42.62  684 720 788 892  384 385 390 399 doublescan -hsync +vsync (47.8 kHz d)
[ 17482.998] (II) modeset(0): Modeline "684x384"x119.7   36.12  684 708 724 764  384 385 390 395 doublescan +hsync -vsync (47.3 kHz d)
[ 17482.998] (II) modeset(0): Modeline "640x400"x119.8   41.75  640 676 740 840  400 401 404 415 doublescan -hsync +vsync (49.7 kHz d)
[ 17482.998] (II) modeset(0): Modeline "640x400"x120.0   35.50  640 664 680 720  400 401 404 411 doublescan +hsync -vsync (49.3 kHz d)
[ 17482.998] (II) modeset(0): Modeline "640x360"x119.7   37.25  640 672 736 832  360 361 364 374 doublescan -hsync +vsync (44.8 kHz d)
[ 17482.998] (II) modeset(0): Modeline "640x360"x119.7   31.88  640 664 680 720  360 361 364 370 doublescan +hsync -vsync (44.3 kHz d)
[ 17482.998] (II) modeset(0): Modeline "640x360"x59.8   18.00  640 664 720 800  360 363 368 376 -hsync +vsync (22.5 kHz d)
[ 17482.998] (II) modeset(0): Modeline "640x360"x59.3   17.75  640 688 720 800  360 363 368 374 +hsync -vsync (22.2 kHz d)
[ 17482.998] (II) modeset(0): Modeline "512x384"x120.0   32.50  512 524 592 672  384 385 388 403 doublescan -hsync -vsync (48.4 kHz d)
[ 17482.998] (II) modeset(0): Modeline "512x288"x120.0   23.25  512 532 580 648  288 289 292 299 doublescan -hsync +vsync (35.9 kHz d)
[ 17482.998] (II) modeset(0): Modeline "512x288"x119.8   21.00  512 536 552 592  288 289 292 296 doublescan +hsync -vsync (35.5 kHz d)
[ 17482.998] (II) modeset(0): Modeline "480x270"x119.3   20.38  480 496 544 608  270 271 274 281 doublescan -hsync +vsync (33.5 kHz d)
[ 17482.998] (II) modeset(0): Modeline "480x270"x119.6   18.62  480 504 520 560  270 271 274 278 doublescan +hsync -vsync (33.3 kHz d)
[ 17482.998] (II) modeset(0): Modeline "400x300"x120.6   20.00  400 420 484 528  300 300 302 314 doublescan +hsync +vsync (37.9 kHz d)
[ 17482.998] (II) modeset(0): Modeline "400x300"x112.7   18.00  400 412 448 512  300 300 301 312 doublescan +hsync +vsync (35.2 kHz d)
[ 17482.998] (II) modeset(0): Modeline "432x243"x119.8   16.25  432 444 484 536  243 244 247 253 doublescan -hsync +vsync (30.3 kHz d)
[ 17482.998] (II) modeset(0): Modeline "432x243"x119.1   15.25  432 456 472 512  243 244 247 250 doublescan +hsync -vsync (29.8 kHz d)
[ 17482.998] (II) modeset(0): Modeline "320x240"x120.1   12.59  320 328 376 400  240 245 246 262 doublescan -hsync -vsync (31.5 kHz d)
[ 17482.998] (II) modeset(0): Modeline "360x202"x119.0   11.25  360 372 404 448  202 204 206 211 doublescan -hsync +vsync (25.1 kHz d)
[ 17482.998] (II) modeset(0): Modeline "360x202"x118.3   10.88  360 384 400 440  202 204 206 209 doublescan +hsync -vsync (24.7 kHz d)
[ 17482.998] (II) modeset(0): Modeline "320x180"x119.7    9.00  320 332 360 400  180 181 184 188 doublescan -hsync +vsync (22.5 kHz d)
[ 17482.998] (II) modeset(0): Modeline "320x180"x118.6    8.88  320 344 360 400  180 181 184 187 doublescan +hsync -vsync (22.2 kHz d)
[ 17482.998] (II) modeset(0): EDID for output HDMI-1
[ 17482.998] (II) modeset(0): EDID for output DP-1
[ 17482.998] (II) modeset(0): EDID for output DP-2
[ 17482.998] (II) modeset(0): EDID for output DP-3
[ 17482.998] (II) modeset(0): Output eDP-1 connected
[ 17482.998] (II) modeset(0): Output HDMI-1 disconnected
[ 17482.998] (II) modeset(0): Output DP-1 disconnected
[ 17482.998] (II) modeset(0): Output DP-2 disconnected
[ 17482.998] (II) modeset(0): Output DP-3 disconnected
[ 17482.998] (II) modeset(0): Using exact sizes for initial modes
[ 17482.998] (II) modeset(0): Output eDP-1 using initial mode 1920x1080 +0+0
[ 17482.998] (==) modeset(0): Using gamma correction (1.0, 1.0, 1.0)
[ 17482.998] (==) modeset(0): DPI set to (96, 96)
[ 17482.998] (II) Loading sub module "fb"
[ 17482.998] (II) LoadModule: "fb"
[ 17482.998] (II) Module "fb" already built-in
[ 17483.005] (==) modeset(0): Backing store enabled
[ 17483.005] (==) modeset(0): Silken mouse enabled
[ 17483.077] (II) modeset(0): Initializing kms color map for depth 24, 8 bpc.
[ 17483.077] (==) modeset(0): DPMS enabled
[ 17483.077] (II) modeset(0): [DRI2] Setup complete
[ 17483.077] (II) modeset(0): [DRI2]   DRI driver: iris
[ 17483.077] (II) modeset(0): [DRI2]   VDPAU driver: va_gl
[ 17483.077] (II) Initializing extension Generic Event Extension
[ 17483.077] (II) Initializing extension SHAPE
[ 17483.077] (II) Initializing extension MIT-SHM
[ 17483.078] (II) Initializing extension XInputExtension
[ 17483.078] (II) Initializing extension XTEST
[ 17483.078] (II) Initializing extension BIG-REQUESTS
[ 17483.078] (II) Initializing extension SYNC
[ 17483.078] (II) Initializing extension XKEYBOARD
[ 17483.079] (II) Initializing extension XC-MISC
[ 17483.079] (II) Initializing extension SECURITY
[ 17483.079] (II) Initializing extension XFIXES
[ 17483.079] (II) Initializing extension RENDER
[ 17483.079] (II) Initializing extension RANDR
[ 17483.079] (II) Initializing extension COMPOSITE
[ 17483.080] (II) Initializing extension DAMAGE
[ 17483.080] (II) Initializing extension MIT-SCREEN-SAVER
[ 17483.080] (II) Initializing extension DOUBLE-BUFFER
[ 17483.080] (II) Initializing extension RECORD
[ 17483.080] (II) Initializing extension DPMS
[ 17483.080] (II) Initializing extension Present
[ 17483.081] (II) Initializing extension DRI3
[ 17483.081] (II) Initializing extension X-Resource
[ 17483.081] (II) Initializing extension XVideo
[ 17483.081] (II) Initializing extension XVideo-MotionCompensation
[ 17483.081] (II) Initializing extension GLX
[ 17483.091] (II) AIGLX: Loaded and initialized iris
[ 17483.091] (II) GLX: Initialized DRI2 GL provider for screen 0
[ 17483.091] (II) Initializing extension XFree86-VidModeExtension
[ 17483.091] (II) Initializing extension XFree86-DGA
[ 17483.091] (II) Initializing extension XFree86-DRI
[ 17483.091] (II) Initializing extension DRI2
[ 17483.092] (II) modeset(0): Damage tracking initialized
[ 17483.092] (II) modeset(0): Setting screen physical size to 508 x 285
[ 17483.121] (II) config/udev: Adding input device Power Button (/dev/input/event3)
[ 17483.121] (**) Power Button: Applying InputClass "libinput keyboard catchall"
[ 17483.121] (**) Power Button: Applying InputClass "system-keyboard"
[ 17483.121] (**) Power Button: Applying InputClass "devname"
[ 17483.121] (II) LoadModule: "libinput"
[ 17483.121] (II) Loading /usr/lib/xorg/modules/input/libinput_drv.so
[ 17483.122] (II) Module libinput: vendor="X.Org Foundation"
[ 17483.122] 	compiled for 1.21.1.8, module version = 1.4.0
[ 17483.122] 	Module class: X.Org XInput Driver
[ 17483.122] 	ABI class: X.Org XInput driver, version 24.4
[ 17483.122] (II) Using input driver 'libinput' for 'Power Button'
[ 17483.122] (II) systemd-logind: got fd for /dev/input/event3 13:67 fd 27 paused 0
[ 17483.122] (**) Power Button: always reports core events
[ 17483.122] (**) Option "Device" "/dev/input/event3"
[ 17483.124] (II) event3  - Power Button: is tagged by udev as: Keyboard
[ 17483.124] (II) event3  - Power Button: device is a keyboard
[ 17483.124] (II) event3  - Power Button: device removed
[ 17483.124] (**) Option "config_info" "udev:/sys/devices/LNXSYSTM:00/LNXPWRBN:00/input/input3/event3"
[ 17483.124] (II) XINPUT: Adding extended input device "Power Button" (type: KEYBOARD, id 6)
[ 17483.124] (**) Option "xkb_model" "pc105+inet"
[ 17483.124] (**) Option "xkb_layout" "us"
[ 17483.124] (**) Option "xkb_options" "terminate:ctrl_alt_bksp"
[ 17483.136] (II) event3  - Power Button: is tagged by udev as: Keyboard
[ 17483.136] (II) event3  - Power Button: device is a keyboard
[ 17483.136] (II) config/udev: Adding input device Video Bus (/dev/input/event12)
[ 17483.137] (**) Video Bus: Applying InputClass "libinput keyboard catchall"
[ 17483.137] (**) Video Bus: Applying InputClass "system-keyboard"
[ 17483.137] (**) Video Bus: Applying InputClass "devname"
[ 17483.137] (II) Using input driver 'libinput' for 'Video Bus'
[ 17483.137] (II) systemd-logind: got fd for /dev/input/event12 13:76 fd 30 paused 0
[ 17483.137] (**) Video Bus: always reports core events
[ 17483.137] (**) Option "Device" "/dev/input/event12"
[ 17483.137] (II) event12 - Video Bus: is tagged by udev as: Keyboard
[ 17483.138] (II) event12 - Video Bus: device is a keyboard
[ 17483.138] (II) event12 - Video Bus: device removed
[ 17483.138] (**) Option "config_info" "udev:/sys/devices/LNXSYSTM:00/LNXSYBUS:00/PNP0A08:00/LNXVIDEO:00/input/input20/event12"
[ 17483.138] (II) XINPUT: Adding extended input device "Video Bus" (type: KEYBOARD, id 7)
[ 17483.138] (**) Option "xkb_model" "pc105+inet"
[ 17483.138] (**) Option "xkb_layout" "us"
[ 17483.138] (**) Option "xkb_options" "terminate:ctrl_alt_bksp"
[ 17483.138] (II) event12 - Video Bus: is tagged by udev as: Keyboard
[ 17483.138] (II) event12 - Video Bus: device is a keyboard
[ 17483.139] (II) config/udev: Adding input device Video Bus (/dev/input/event13)
[ 17483.139] (**) Video Bus: Applying InputClass "libinput keyboard catchall"
[ 17483.139] (**) Video Bus: Applying InputClass "system-keyboard"
[ 17483.139] (**) Video Bus: Applying InputClass "devname"
[ 17483.139] (II) Using input driver 'libinput' for 'Video Bus'
[ 17483.139] (II) systemd-logind: got fd for /dev/input/event13 13:77 fd 31 paused 0
[ 17483.139] (**) Video Bus: always reports core events
[ 17483.139] (**) Option "Device" "/dev/input/event13"
[ 17483.140] (II) event13 - Video Bus: is tagged by udev as: Keyboard
[ 17483.140] (II) event13 - Video Bus: device is a keyboard
[ 17483.140] (II) event13 - Video Bus: device removed
[ 17483.140] (**) Option "config_info" "udev:/sys/devices/LNXSYSTM:00/LNXSYBUS:00/PNP0A08:00/device:3d/LNXVIDEO:01/input/input21/event13"
[ 17483.140] (II) XINPUT: Adding extended input device "Video Bus" (type: KEYBOARD, id 8)
[ 17483.140] (**) Option "xkb_model" "pc105+inet"
[ 17483.140] (**) Option "xkb_layout" "us"
[ 17483.140] (**) Option "xkb_options" "terminate:ctrl_alt_bksp"
[ 17483.141] (II) event13 - Video Bus: is tagged by udev as: Keyboard
[ 17483.141] (II) event13 - Video Bus: device is a keyboard
[ 17483.141] (II) config/udev: Adding input device Power Button (/dev/input/event0)
[ 17483.141] (**) Power Button: Applying InputClass "libinput keyboard catchall"
[ 17483.141] (**) Power Button: Applying InputClass "system-keyboard"
[ 17483.141] (**) Power Button: Applying InputClass "devname"
[ 17483.141] (II) Using input driver 'libinput' for 'Power Button'
[ 17483.141] (II) systemd-logind: got fd for /dev/input/event0 13:64 fd 32 paused 0
[ 17483.141] (**) Power Button: always reports core events
[ 17483.141] (**) Option "Device" "/dev/input/event0"
[ 17483.142] (II) event0  - Power Button: is tagged by udev as: Keyboard
[ 17483.142] (II) event0  - Power Button: device is a keyboard
[ 17483.142] (II) event0  - Power Button: device removed
[ 17483.142] (**) Option "config_info" "udev:/sys/devices/LNXSYSTM:00/LNXSYBUS:00/PNP0C0C:00/input/input0/event0"
[ 17483.142] (II) XINPUT: Adding extended input device "Power Button" (type: KEYBOARD, id 9)
[ 17483.142] (**) Option "xkb_model" "pc105+inet"
[ 17483.142] (**) Option "xkb_layout" "us"
[ 17483.142] (**) Option "xkb_options" "terminate:ctrl_alt_bksp"
[ 17483.143] (II) event0  - Power Button: is tagged by udev as: Keyboard
[ 17483.143] (II) event0  - Power Button: device is a keyboard
[ 17483.143] (II) config/udev: Adding input device Lid Switch (/dev/input/event1)
[ 17483.143] (**) Lid Switch: Applying InputClass "devname"
[ 17483.143] (II) Using input driver 'libinput' for 'Lid Switch'
[ 17483.143] (II) systemd-logind: got fd for /dev/input/event1 13:65 fd 33 paused 0
[ 17483.143] (**) Lid Switch: always reports core events
[ 17483.143] (**) Option "Device" "/dev/input/event1"
[ 17483.144] (II) event1  - Lid Switch: is tagged by udev as: Switch
[ 17483.144] (II) event1  - Lid Switch: device is a switch device
[ 17483.144] (II) event1  - Lid Switch: device removed
[ 17483.144] (**) Option "config_info" "udev:/sys/devices/LNXSYSTM:00/LNXSYBUS:00/PNP0C0D:00/input/input1/event1"
[ 17483.144] (II) XINPUT: Adding extended input device "Lid Switch" (type: KEYBOARD, id 10)
[ 17483.144] (II) event1  - Lid Switch: is tagged by udev as: Switch
[ 17483.144] (II) event1  - Lid Switch: device is a switch device
[ 17483.145] (II) config/udev: Adding input device Sleep Button (/dev/input/event2)
[ 17483.145] (**) Sleep Button: Applying InputClass "libinput keyboard catchall"
[ 17483.145] (**) Sleep Button: Applying InputClass "system-keyboard"
[ 17483.145] (**) Sleep Button: Applying InputClass "devname"
[ 17483.145] (II) Using input driver 'libinput' for 'Sleep Button'
[ 17483.145] (II) systemd-logind: got fd for /dev/input/event2 13:66 fd 34 paused 0
[ 17483.145] (**) Sleep Button: always reports core events
[ 17483.145] (**) Option "Device" "/dev/input/event2"
[ 17483.146] (II) event2  - Sleep Button: is tagged by udev as: Keyboard
[ 17483.146] (II) event2  - Sleep Button: device is a keyboard
[ 17483.146] (II) event2  - Sleep Button: device removed
[ 17483.146] (**) Option "config_info" "udev:/sys/devices/LNXSYSTM:00/LNXSYBUS:00/PNP0C0E:00/input/input2/event2"
[ 17483.146] (II) XINPUT: Adding extended input device "Sleep Button" (type: KEYBOARD, id 11)
[ 17483.146] (**) Option "xkb_model" "pc105+inet"
[ 17483.146] (**) Option "xkb_layout" "us"
[ 17483.146] (**) Option "xkb_options" "terminate:ctrl_alt_bksp"
[ 17483.147] (II) event2  - Sleep Button: is tagged by udev as: Keyboard
[ 17483.147] (II) event2  - Sleep Button: device is a keyboard
[ 17483.147] (II) config/udev: Adding input device MSFT0001:00 04F3:3140 Mouse (/dev/input/event8)
[ 17483.147] (**) MSFT0001:00 04F3:3140 Mouse: Applying InputClass "libinput pointer catchall"
[ 17483.147] (**) MSFT0001:00 04F3:3140 Mouse: Applying InputClass "devname"
[ 17483.147] (II) Using input driver 'libinput' for 'MSFT0001:00 04F3:3140 Mouse'
[ 17483.148] (II) systemd-logind: got fd for /dev/input/event8 13:72 fd 35 paused 0
[ 17483.148] (**) MSFT0001:00 04F3:3140 Mouse: always reports core events
[ 17483.148] (**) Option "Device" "/dev/input/event8"
[ 17483.148] (II) event8  - MSFT0001:00 04F3:3140 Mouse: is tagged by udev as: Mouse Pointingstick
[ 17483.149] (II) event8  - MSFT0001:00 04F3:3140 Mouse: device is a pointer
[ 17483.149] (II) event8  - MSFT0001:00 04F3:3140 Mouse: device removed
[ 17483.149] (II) libinput: MSFT0001:00 04F3:3140 Mouse: Step value 0 was provided, libinput Fallback acceleration function is used.
[ 17483.149] (II) libinput: MSFT0001:00 04F3:3140 Mouse: Step value 0 was provided, libinput Fallback acceleration function is used.
[ 17483.149] (II) libinput: MSFT0001:00 04F3:3140 Mouse: Step value 0 was provided, libinput Fallback acceleration function is used.
[ 17483.149] (**) Option "NaturalScrolling" "true"
[ 17483.149] (**) Option "config_info" "udev:/sys/devices/pci0000:00/0000:00:15.0/i2c_designware.0/i2c-1/i2c-MSFT0001:00/0018:04F3:3140.0001/input/input15/event8"
[ 17483.149] (II) XINPUT: Adding extended input device "MSFT0001:00 04F3:3140 Mouse" (type: MOUSE, id 12)
[ 17483.149] (**) Option "AccelerationScheme" "none"
[ 17483.149] (**) MSFT0001:00 04F3:3140 Mouse: (accel) selected scheme none/0
[ 17483.149] (**) MSFT0001:00 04F3:3140 Mouse: (accel) acceleration factor: 2.000
[ 17483.149] (**) MSFT0001:00 04F3:3140 Mouse: (accel) acceleration threshold: 4
[ 17483.150] (II) event8  - MSFT0001:00 04F3:3140 Mouse: is tagged by udev as: Mouse Pointingstick
[ 17483.150] (II) event8  - MSFT0001:00 04F3:3140 Mouse: device is a pointer
[ 17483.150] (II) config/udev: Adding input device MSFT0001:00 04F3:3140 Mouse (/dev/input/mouse3)
[ 17483.150] (**) MSFT0001:00 04F3:3140 Mouse: Applying InputClass "devname"
[ 17483.150] (II) Using input driver 'libinput' for 'MSFT0001:00 04F3:3140 Mouse'
[ 17483.150] (**) MSFT0001:00 04F3:3140 Mouse: always reports core events
[ 17483.150] (**) Option "Device" "/dev/input/mouse3"
[ 17483.150] (EE) xf86OpenSerial: Cannot open device /dev/input/mouse3
	Permission denied.
[ 17483.150] (II) mouse3: opening input device '/dev/input/mouse3' failed (Permission denied).
[ 17483.150] (II) mouse3  - failed to create input device '/dev/input/mouse3'.
[ 17483.151] (EE) libinput: MSFT0001:00 04F3:3140 Mouse: Failed to create a device for /dev/input/mouse3
[ 17483.151] (EE) PreInit returned 2 for "MSFT0001:00 04F3:3140 Mouse"
[ 17483.151] (II) UnloadModule: "libinput"
[ 17483.151] (II) config/udev: Adding input device MSFT0001:00 04F3:3140 Touchpad (/dev/input/event9)
[ 17483.151] (**) MSFT0001:00 04F3:3140 Touchpad: Applying InputClass "libinput touchpad catchall"
[ 17483.151] (**) MSFT0001:00 04F3:3140 Touchpad: Applying InputClass "devname"
[ 17483.151] (II) Using input driver 'libinput' for 'MSFT0001:00 04F3:3140 Touchpad'
[ 17483.151] (II) systemd-logind: got fd for /dev/input/event9 13:73 fd 36 paused 0
[ 17483.151] (**) MSFT0001:00 04F3:3140 Touchpad: always reports core events
[ 17483.151] (**) Option "Device" "/dev/input/event9"
[ 17483.152] (II) event9  - MSFT0001:00 04F3:3140 Touchpad: is tagged by udev as: Touchpad
[ 17483.153] (II) event9  - MSFT0001:00 04F3:3140 Touchpad: device is a touchpad
[ 17483.153] (II) event9  - MSFT0001:00 04F3:3140 Touchpad: device removed
[ 17483.153] (**) Option "Tapping" "on"
[ 17483.153] (II) libinput: MSFT0001:00 04F3:3140 Touchpad: Step value 0 was provided, libinput Fallback acceleration function is used.
[ 17483.153] (II) libinput: MSFT0001:00 04F3:3140 Touchpad: Step value 0 was provided, libinput Fallback acceleration function is used.
[ 17483.153] (II) libinput: MSFT0001:00 04F3:3140 Touchpad: Step value 0 was provided, libinput Fallback acceleration function is used.
[ 17483.153] (**) Option "NaturalScrolling" "true"
[ 17483.154] (**) Option "config_info" "udev:/sys/devices/pci0000:00/0000:00:15.0/i2c_designware.0/i2c-1/i2c-MSFT0001:00/0018:04F3:3140.0001/input/input16/event9"
[ 17483.154] (II) XINPUT: Adding extended input device "MSFT0001:00 04F3:3140 Touchpad" (type: TOUCHPAD, id 13)
[ 17483.155] (**) Option "AccelerationScheme" "none"
[ 17483.155] (**) MSFT0001:00 04F3:3140 Touchpad: (accel) selected scheme none/0
[ 17483.155] (**) MSFT0001:00 04F3:3140 Touchpad: (accel) acceleration factor: 2.000
[ 17483.155] (**) MSFT0001:00 04F3:3140 Touchpad: (accel) acceleration threshold: 4
[ 17483.155] (II) event9  - MSFT0001:00 04F3:3140 Touchpad: is tagged by udev as: Touchpad
[ 17483.156] (II) event9  - MSFT0001:00 04F3:3140 Touchpad: device is a touchpad
[ 17483.157] (II) config/udev: Adding input device MSFT0001:00 04F3:3140 Touchpad (/dev/input/mouse4)
[ 17483.157] (**) MSFT0001:00 04F3:3140 Touchpad: Applying InputClass "devname"
[ 17483.157] (II) Using input driver 'libinput' for 'MSFT0001:00 04F3:3140 Touchpad'
[ 17483.157] (**) MSFT0001:00 04F3:3140 Touchpad: always reports core events
[ 17483.157] (**) Option "Device" "/dev/input/mouse4"
[ 17483.157] (EE) xf86OpenSerial: Cannot open device /dev/input/mouse4
	Permission denied.
[ 17483.157] (II) mouse4: opening input device '/dev/input/mouse4' failed (Permission denied).
[ 17483.157] (II) mouse4  - failed to create input device '/dev/input/mouse4'.
[ 17483.157] (EE) libinput: MSFT0001:00 04F3:3140 Touchpad: Failed to create a device for /dev/input/mouse4
[ 17483.157] (EE) PreInit returned 2 for "MSFT0001:00 04F3:3140 Touchpad"
[ 17483.157] (II) UnloadModule: "libinput"
[ 17483.157] (II) config/udev: Adding input device Wacom HID 5218 Pen (/dev/input/event10)
[ 17483.157] (**) Wacom HID 5218 Pen: Applying InputClass "libinput tablet catchall"
[ 17483.157] (**) Wacom HID 5218 Pen: Applying InputClass "devname"
[ 17483.157] (II) Using input driver 'libinput' for 'Wacom HID 5218 Pen'
[ 17483.158] (II) systemd-logind: got fd for /dev/input/event10 13:74 fd 37 paused 0
[ 17483.158] (**) Wacom HID 5218 Pen: always reports core events
[ 17483.158] (**) Option "Device" "/dev/input/event10"
[ 17483.158] (II) event10 - Wacom HID 5218 Pen: is tagged by udev as: Tablet
[ 17483.178] (II) event10 - Wacom HID 5218 Pen: device is a tablet
[ 17483.178] (II) event10 - Wacom HID 5218 Pen: device removed
[ 17483.178] (**) Option "config_info" "udev:/sys/devices/pci0000:00/0000:00:15.1/i2c_designware.1/i2c-2/i2c-WACF2200:00/0018:056A:5218.0002/input/input17/event10"
[ 17483.178] (II) XINPUT: Adding extended input device "Wacom HID 5218 Pen" (type: TABLET, id 14)
[ 17483.179] (II) event10 - Wacom HID 5218 Pen: is tagged by udev as: Tablet
[ 17483.192] (II) event10 - Wacom HID 5218 Pen: device is a tablet
[ 17483.192] (II) config/udev: Adding input device Wacom HID 5218 Pen (/dev/input/mouse0)
[ 17483.192] (**) Wacom HID 5218 Pen: Applying InputClass "devname"
[ 17483.192] (II) Using input driver 'libinput' for 'Wacom HID 5218 Pen'
[ 17483.192] (**) Wacom HID 5218 Pen: always reports core events
[ 17483.192] (**) Option "Device" "/dev/input/mouse0"
[ 17483.192] (EE) xf86OpenSerial: Cannot open device /dev/input/mouse0
	Permission denied.
[ 17483.192] (II) mouse0: opening input device '/dev/input/mouse0' failed (Permission denied).
[ 17483.192] (II) mouse0  - failed to create input device '/dev/input/mouse0'.
[ 17483.192] (EE) libinput: Wacom HID 5218 Pen: Failed to create a device for /dev/input/mouse0
[ 17483.192] (EE) PreInit returned 2 for "Wacom HID 5218 Pen"
[ 17483.192] (II) UnloadModule: "libinput"
[ 17483.193] (II) config/udev: Adding input device Wacom HID 5218 Finger (/dev/input/event11)
[ 17483.193] (**) Wacom HID 5218 Finger: Applying InputClass "libinput touchscreen catchall"
[ 17483.193] (**) Wacom HID 5218 Finger: Applying InputClass "devname"
[ 17483.193] (II) Using input driver 'libinput' for 'Wacom HID 5218 Finger'
[ 17483.193] (II) systemd-logind: got fd for /dev/input/event11 13:75 fd 39 paused 0
[ 17483.193] (**) Wacom HID 5218 Finger: always reports core events
[ 17483.193] (**) Option "Device" "/dev/input/event11"
[ 17483.194] (II) event11 - Wacom HID 5218 Finger: is tagged by udev as: Touchscreen
[ 17483.194] (II) event11 - Wacom HID 5218 Finger: device is a touch device
[ 17483.194] (II) event11 - Wacom HID 5218 Finger: device removed
[ 17483.194] (**) Option "config_info" "udev:/sys/devices/pci0000:00/0000:00:15.1/i2c_designware.1/i2c-2/i2c-WACF2200:00/0018:056A:5218.0002/input/input18/event11"
[ 17483.194] (II) XINPUT: Adding extended input device "Wacom HID 5218 Finger" (type: TOUCHSCREEN, id 15)
[ 17483.194] (**) Option "AccelerationScheme" "none"
[ 17483.194] (**) Wacom HID 5218 Finger: (accel) selected scheme none/0
[ 17483.194] (**) Wacom HID 5218 Finger: (accel) acceleration factor: 2.000
[ 17483.194] (**) Wacom HID 5218 Finger: (accel) acceleration threshold: 4
[ 17483.195] (II) event11 - Wacom HID 5218 Finger: is tagged by udev as: Touchscreen
[ 17483.195] (II) event11 - Wacom HID 5218 Finger: device is a touch device
[ 17483.195] (II) config/udev: Adding input device Wacom HID 5218 Finger (/dev/input/mouse1)
[ 17483.195] (**) Wacom HID 5218 Finger: Applying InputClass "devname"
[ 17483.195] (II) Using input driver 'libinput' for 'Wacom HID 5218 Finger'
[ 17483.195] (**) Wacom HID 5218 Finger: always reports core events
[ 17483.195] (**) Option "Device" "/dev/input/mouse1"
[ 17483.196] (EE) xf86OpenSerial: Cannot open device /dev/input/mouse1
	Permission denied.
[ 17483.196] (II) mouse1: opening input device '/dev/input/mouse1' failed (Permission denied).
[ 17483.196] (II) mouse1  - failed to create input device '/dev/input/mouse1'.
[ 17483.196] (EE) libinput: Wacom HID 5218 Finger: Failed to create a device for /dev/input/mouse1
[ 17483.196] (EE) PreInit returned 2 for "Wacom HID 5218 Finger"
[ 17483.196] (II) UnloadModule: "libinput"
[ 17483.196] (II) config/udev: Adding drm device (/dev/dri/card1)
[ 17483.196] (II) xfree86: Adding drm device (/dev/dri/card1)
[ 17483.196] (II) Platform probe for /sys/devices/pci0000:00/0000:00:1c.0/0000:01:00.0/drm/card1
[ 17483.196] (EE) systemd-logind: failed to take device /dev/dri/card1: Invalid argument
[ 17483.196] (II) config/udev: Adding input device Ideapad extra buttons (/dev/input/event7)
[ 17483.196] (**) Ideapad extra buttons: Applying InputClass "libinput keyboard catchall"
[ 17483.196] (**) Ideapad extra buttons: Applying InputClass "system-keyboard"
[ 17483.196] (**) Ideapad extra buttons: Applying InputClass "devname"
[ 17483.196] (II) Using input driver 'libinput' for 'Ideapad extra buttons'
[ 17483.197] (II) systemd-logind: got fd for /dev/input/event7 13:71 fd 40 paused 0
[ 17483.197] (**) Ideapad extra buttons: always reports core events
[ 17483.197] (**) Option "Device" "/dev/input/event7"
[ 17483.197] (II) event7  - Ideapad extra buttons: is tagged by udev as: Keyboard
[ 17483.198] (II) event7  - Ideapad extra buttons: device is a keyboard
[ 17483.198] (II) event7  - Ideapad extra buttons: device removed
[ 17483.198] (**) Option "config_info" "udev:/sys/devices/pci0000:00/0000:00:1f.0/PNP0C09:00/VPC2004:00/input/input7/event7"
[ 17483.198] (II) XINPUT: Adding extended input device "Ideapad extra buttons" (type: KEYBOARD, id 16)
[ 17483.198] (**) Option "xkb_model" "pc105+inet"
[ 17483.198] (**) Option "xkb_layout" "us"
[ 17483.198] (**) Option "xkb_options" "terminate:ctrl_alt_bksp"
[ 17483.198] (II) event7  - Ideapad extra buttons: is tagged by udev as: Keyboard
[ 17483.198] (II) event7  - Ideapad extra buttons: device is a keyboard
[ 17483.199] (II) config/udev: Adding input device sof-hda-dsp Mic (/dev/input/event14)
[ 17483.199] (**) sof-hda-dsp Mic: Applying InputClass "devname"
[ 17483.199] (II) Using input driver 'libinput' for 'sof-hda-dsp Mic'
[ 17483.199] (II) systemd-logind: got fd for /dev/input/event14 13:78 fd 41 paused 0
[ 17483.199] (**) sof-hda-dsp Mic: always reports core events
[ 17483.199] (**) Option "Device" "/dev/input/event14"
[ 17483.200] (II) event14 - sof-hda-dsp Mic: is tagged by udev as: Switch
[ 17483.200] (II) event14 - not using input device '/dev/input/event14'.
[ 17483.200] (EE) libinput: sof-hda-dsp Mic: Failed to create a device for /dev/input/event14
[ 17483.200] (EE) PreInit returned 2 for "sof-hda-dsp Mic"
[ 17483.200] (II) UnloadModule: "libinput"
[ 17483.200] (II) systemd-logind: releasing fd for 13:78
[ 17483.201] (II) config/udev: Adding input device sof-hda-dsp Headphone (/dev/input/event15)
[ 17483.201] (**) sof-hda-dsp Headphone: Applying InputClass "libinput keyboard catchall"
[ 17483.201] (**) sof-hda-dsp Headphone: Applying InputClass "system-keyboard"
[ 17483.201] (**) sof-hda-dsp Headphone: Applying InputClass "devname"
[ 17483.201] (II) Using input driver 'libinput' for 'sof-hda-dsp Headphone'
[ 17483.201] (II) systemd-logind: got fd for /dev/input/event15 13:79 fd 41 paused 0
[ 17483.201] (**) sof-hda-dsp Headphone: always reports core events
[ 17483.201] (**) Option "Device" "/dev/input/event15"
[ 17483.201] (II) event15 - sof-hda-dsp Headphone: is tagged by udev as: Keyboard Switch
[ 17483.201] (II) event15 - sof-hda-dsp Headphone: device is a keyboard
[ 17483.202] (II) event15 - sof-hda-dsp Headphone: device removed
[ 17483.202] (**) Option "config_info" "udev:/sys/devices/pci0000:00/0000:00:1f.3/skl_hda_dsp_generic/sound/card0/input23/event15"
[ 17483.202] (II) XINPUT: Adding extended input device "sof-hda-dsp Headphone" (type: KEYBOARD, id 17)
[ 17483.202] (**) Option "xkb_model" "pc105+inet"
[ 17483.202] (**) Option "xkb_layout" "us"
[ 17483.202] (**) Option "xkb_options" "terminate:ctrl_alt_bksp"
[ 17483.202] (II) event15 - sof-hda-dsp Headphone: is tagged by udev as: Keyboard Switch
[ 17483.202] (II) event15 - sof-hda-dsp Headphone: device is a keyboard
[ 17483.203] (II) config/udev: Adding input device sof-hda-dsp HDMI/DP,pcm=3 (/dev/input/event16)
[ 17483.203] (**) sof-hda-dsp HDMI/DP,pcm=3: Applying InputClass "devname"
[ 17483.203] (II) Using input driver 'libinput' for 'sof-hda-dsp HDMI/DP,pcm=3'
[ 17483.203] (II) systemd-logind: got fd for /dev/input/event16 13:80 fd 42 paused 0
[ 17483.203] (**) sof-hda-dsp HDMI/DP,pcm=3: always reports core events
[ 17483.203] (**) Option "Device" "/dev/input/event16"
[ 17483.204] (II) event16 - sof-hda-dsp HDMI/DP,pcm=3: is tagged by udev as: Switch
[ 17483.204] (II) event16 - not using input device '/dev/input/event16'.
[ 17483.204] (EE) libinput: sof-hda-dsp HDMI/DP,pcm=3: Failed to create a device for /dev/input/event16
[ 17483.204] (EE) PreInit returned 2 for "sof-hda-dsp HDMI/DP,pcm=3"
[ 17483.204] (II) UnloadModule: "libinput"
[ 17483.204] (II) systemd-logind: releasing fd for 13:80
[ 17483.204] (II) config/udev: Adding input device sof-hda-dsp HDMI/DP,pcm=4 (/dev/input/event17)
[ 17483.204] (**) sof-hda-dsp HDMI/DP,pcm=4: Applying InputClass "devname"
[ 17483.204] (II) Using input driver 'libinput' for 'sof-hda-dsp HDMI/DP,pcm=4'
[ 17483.205] (II) systemd-logind: got fd for /dev/input/event17 13:81 fd 42 paused 0
[ 17483.205] (**) sof-hda-dsp HDMI/DP,pcm=4: always reports core events
[ 17483.205] (**) Option "Device" "/dev/input/event17"
[ 17483.205] (II) event17 - sof-hda-dsp HDMI/DP,pcm=4: is tagged by udev as: Switch
[ 17483.206] (II) event17 - not using input device '/dev/input/event17'.
[ 17483.206] (EE) libinput: sof-hda-dsp HDMI/DP,pcm=4: Failed to create a device for /dev/input/event17
[ 17483.206] (EE) PreInit returned 2 for "sof-hda-dsp HDMI/DP,pcm=4"
[ 17483.206] (II) UnloadModule: "libinput"
[ 17483.206] (II) systemd-logind: releasing fd for 13:81
[ 17483.206] (II) config/udev: Adding input device sof-hda-dsp HDMI/DP,pcm=5 (/dev/input/event18)
[ 17483.206] (**) sof-hda-dsp HDMI/DP,pcm=5: Applying InputClass "devname"
[ 17483.206] (II) Using input driver 'libinput' for 'sof-hda-dsp HDMI/DP,pcm=5'
[ 17483.207] (II) systemd-logind: got fd for /dev/input/event18 13:82 fd 42 paused 0
[ 17483.207] (**) sof-hda-dsp HDMI/DP,pcm=5: always reports core events
[ 17483.207] (**) Option "Device" "/dev/input/event18"
[ 17483.207] (II) event18 - sof-hda-dsp HDMI/DP,pcm=5: is tagged by udev as: Switch
[ 17483.207] (II) event18 - not using input device '/dev/input/event18'.
[ 17483.207] (EE) libinput: sof-hda-dsp HDMI/DP,pcm=5: Failed to create a device for /dev/input/event18
[ 17483.207] (EE) PreInit returned 2 for "sof-hda-dsp HDMI/DP,pcm=5"
[ 17483.207] (II) UnloadModule: "libinput"
[ 17483.207] (II) systemd-logind: releasing fd for 13:82
[ 17483.208] (II) config/udev: Adding input device Lenovo Yoga Tablet Mode Control switch (/dev/input/event6)
[ 17483.208] (**) Lenovo Yoga Tablet Mode Control switch: Applying InputClass "devname"
[ 17483.208] (II) Using input driver 'libinput' for 'Lenovo Yoga Tablet Mode Control switch'
[ 17483.208] (II) systemd-logind: got fd for /dev/input/event6 13:70 fd 42 paused 0
[ 17483.208] (**) Lenovo Yoga Tablet Mode Control switch: always reports core events
[ 17483.208] (**) Option "Device" "/dev/input/event6"
[ 17483.209] (II) event6  - Lenovo Yoga Tablet Mode Control switch: is tagged by udev as: Switch
[ 17483.209] (II) event6  - Lenovo Yoga Tablet Mode Control switch: device is a switch device
[ 17483.209] (II) event6  - Lenovo Yoga Tablet Mode Control switch: device removed
[ 17483.209] (**) Option "config_info" "udev:/sys/devices/platform/PNP0C14:06/wmi_bus/wmi_bus-PNP0C14:06/06129D99-6083-4164-81AD-F092F9D773A6/input/input6/event6"
[ 17483.209] (II) XINPUT: Adding extended input device "Lenovo Yoga Tablet Mode Control switch" (type: KEYBOARD, id 18)
[ 17483.210] (II) event6  - Lenovo Yoga Tablet Mode Control switch: is tagged by udev as: Switch
[ 17483.210] (II) event6  - Lenovo Yoga Tablet Mode Control switch: device is a switch device
[ 17483.211] (II) config/udev: Adding input device AT Translated Set 2 keyboard (/dev/input/event4)
[ 17483.211] (**) AT Translated Set 2 keyboard: Applying InputClass "libinput keyboard catchall"
[ 17483.211] (**) AT Translated Set 2 keyboard: Applying InputClass "system-keyboard"
[ 17483.211] (**) AT Translated Set 2 keyboard: Applying InputClass "devname"
[ 17483.211] (II) Using input driver 'libinput' for 'AT Translated Set 2 keyboard'
[ 17483.211] (II) systemd-logind: got fd for /dev/input/event4 13:68 fd 43 paused 0
[ 17483.211] (**) AT Translated Set 2 keyboard: always reports core events
[ 17483.211] (**) Option "Device" "/dev/input/event4"
[ 17483.212] (II) event4  - AT Translated Set 2 keyboard: is tagged by udev as: Keyboard
[ 17483.212] (II) event4  - AT Translated Set 2 keyboard: device is a keyboard
[ 17483.213] (II) event4  - AT Translated Set 2 keyboard: device removed
[ 17483.213] (**) Option "config_info" "udev:/sys/devices/platform/i8042/serio0/input/input4/event4"
[ 17483.213] (II) XINPUT: Adding extended input device "AT Translated Set 2 keyboard" (type: KEYBOARD, id 19)
[ 17483.213] (**) Option "xkb_model" "pc105+inet"
[ 17483.213] (**) Option "xkb_layout" "us"
[ 17483.213] (**) Option "xkb_options" "terminate:ctrl_alt_bksp"
[ 17483.213] (II) event4  - AT Translated Set 2 keyboard: is tagged by udev as: Keyboard
[ 17483.213] (II) event4  - AT Translated Set 2 keyboard: device is a keyboard
[ 17483.215] (II) config/udev: Adding input device PC Speaker (/dev/input/event5)
[ 17483.215] (**) PC Speaker: Applying InputClass "devname"
[ 17483.215] (II) Using input driver 'libinput' for 'PC Speaker'
[ 17483.216] (II) systemd-logind: got fd for /dev/input/event5 13:69 fd 44 paused 0
[ 17483.216] (**) PC Speaker: always reports core events
[ 17483.216] (**) Option "Device" "/dev/input/event5"
[ 17483.216] (II) event5  - PC Speaker: not tagged as supported input device
[ 17483.216] (II) event5  - not using input device '/dev/input/event5'.
[ 17483.216] (EE) libinput: PC Speaker: Failed to create a device for /dev/input/event5
[ 17483.216] (EE) PreInit returned 2 for "PC Speaker"
[ 17483.216] (II) UnloadModule: "libinput"
[ 17483.216] (II) systemd-logind: releasing fd for 13:69
[ 17483.409] (II) modeset(0): EDID vendor "CMN", prod id 5126
[ 17483.409] (II) modeset(0): Printing DDC gathered Modelines:
[ 17483.409] (II) modeset(0): Modeline "1920x1080"x0.0  138.78  1920 1968 2000 2080  1080 1083 1088 1112 -hsync -vsync (66.7 kHz eP)
[ 17727.902] (II) modeset(0): EDID vendor "CMN", prod id 5126
[ 17727.902] (II) modeset(0): Printing DDC gathered Modelines:
[ 17727.902] (II) modeset(0): Modeline "1920x1080"x0.0  138.78  1920 1968 2000 2080  1080 1083 1088 1112 -hsync -vsync (66.7 kHz eP)
[ 17729.762] (II) modeset(0): EDID vendor "CMN", prod id 5126
[ 17729.762] (II) modeset(0): Printing DDC gathered Modelines:
[ 17729.762] (II) modeset(0): Modeline "1920x1080"x0.0  138.78  1920 1968 2000 2080  1080 1083 1088 1112 -hsync -vsync (66.7 kHz eP)
[ 17731.976] (II) modeset(0): EDID vendor "CMN", prod id 5126
[ 17731.976] (II) modeset(0): Printing DDC gathered Modelines:
[ 17731.976] (II) modeset(0): Modeline "1920x1080"x0.0  138.78  1920 1968 2000 2080  1080 1083 1088 1112 -hsync -vsync (66.7 kHz eP)
[ 17733.407] (II) modeset(0): EDID vendor "CMN", prod id 5126
[ 17733.407] (II) modeset(0): Printing DDC gathered Modelines:
[ 17733.407] (II) modeset(0): Modeline "1920x1080"x0.0  138.78  1920 1968 2000 2080  1080 1083 1088 1112 -hsync -vsync (66.7 kHz eP)
[ 17735.959] (II) modeset(0): EDID vendor "CMN", prod id 5126
[ 17735.959] (II) modeset(0): Printing DDC gathered Modelines:
[ 17735.959] (II) modeset(0): Modeline "1920x1080"x0.0  138.78  1920 1968 2000 2080  1080 1083 1088 1112 -hsync -vsync (66.7 kHz eP)
